0 info it worked if it ends with ok
1 verbose cli [ '/usr/bin/node', '/usr/bin/npm', 'install', 'normalize.css' ]
2 info using npm@1.4.3
3 info using node@v0.10.26
4 verbose node symlink /usr/bin/node
5 verbose cache add [ 'normalize.css', null ]
6 verbose cache add name=undefined spec="normalize.css" args=["normalize.css",null]
7 verbose parsed url { protocol: null,
7 verbose parsed url   slashes: null,
7 verbose parsed url   auth: null,
7 verbose parsed url   host: null,
7 verbose parsed url   port: null,
7 verbose parsed url   hostname: null,
7 verbose parsed url   hash: null,
7 verbose parsed url   search: null,
7 verbose parsed url   query: null,
7 verbose parsed url   pathname: 'normalize.css',
7 verbose parsed url   path: 'normalize.css',
7 verbose parsed url   href: 'normalize.css' }
8 silly lockFile baf8eabf-normalize-css normalize.css
9 verbose lock normalize.css /home/likewise-open/GLOBANT/agustin.ramirez/.npm/baf8eabf-normalize-css.lock
10 silly lockFile baf8eabf-normalize-css normalize.css
11 silly lockFile baf8eabf-normalize-css normalize.css
12 verbose addNamed [ 'normalize.css', '' ]
13 verbose addNamed [ null, '*' ]
14 silly lockFile 70dd7003-normalize-css normalize.css@
15 verbose lock normalize.css@ /home/likewise-open/GLOBANT/agustin.ramirez/.npm/70dd7003-normalize-css.lock
16 silly addNameRange { name: 'normalize.css', range: '*', hasData: false }
17 verbose url raw normalize.css
18 verbose url resolving [ 'https://registry.npmjs.org/', './normalize.css' ]
19 verbose url resolved https://registry.npmjs.org/normalize.css
20 info trying registry request attempt 1 at 11:45:03
21 http GET https://registry.npmjs.org/normalize.css
22 info retry will retry, error on last attempt: Error: tunneling socket could not be established, cause=socket hang up
23 info trying registry request attempt 2 at 11:46:13
24 http GET https://registry.npmjs.org/normalize.css
25 info retry will retry, error on last attempt: Error: tunneling socket could not be established, cause=socket hang up
26 info trying registry request attempt 3 at 11:48:14
27 http GET https://registry.npmjs.org/normalize.css
28 silly lockFile 70dd7003-normalize-css normalize.css@
29 silly lockFile 70dd7003-normalize-css normalize.css@
30 error network tunneling socket could not be established, cause=socket hang up
30 error network This is most likely not a problem with npm itself
30 error network and is related to network connectivity.
30 error network In most cases you are behind a proxy or have bad network settings.
30 error network
30 error network If you are behind a proxy, please make sure that the
30 error network 'proxy' config is set properly.  See: 'npm help config'
31 error System Linux 3.2.0-60-generic
32 error command "/usr/bin/node" "/usr/bin/npm" "install" "normalize.css"
33 error cwd /var/www/TodoList/css
34 error node -v v0.10.26
35 error npm -v 1.4.3
36 error code ECONNRESET
37 verbose exit [ 1, true ]
